[2023-01-14T13:42:14.874+0000] {taskinstance.py:1087} INFO - Dependencies all met for <TaskInstance: user_processing.extracting_user manual__2023-01-14T12:33:24.613016+00:00 [queued]>
[2023-01-14T13:42:14.917+0000] {taskinstance.py:1087} INFO - Dependencies all met for <TaskInstance: user_processing.extracting_user manual__2023-01-14T12:33:24.613016+00:00 [queued]>
[2023-01-14T13:42:14.919+0000] {taskinstance.py:1283} INFO - 
--------------------------------------------------------------------------------
[2023-01-14T13:42:14.922+0000] {taskinstance.py:1284} INFO - Starting attempt 2 of 2
[2023-01-14T13:42:14.923+0000] {taskinstance.py:1285} INFO - 
--------------------------------------------------------------------------------
[2023-01-14T13:42:14.969+0000] {taskinstance.py:1304} INFO - Executing <Task(SimpleHttpOperator): extracting_user> on 2023-01-14 12:33:24.613016+00:00
[2023-01-14T13:42:14.985+0000] {standard_task_runner.py:55} INFO - Started process 33929 to run task
[2023-01-14T13:42:15.009+0000] {standard_task_runner.py:82} INFO - Running: ['***', 'tasks', 'run', 'user_processing', 'extracting_user', 'manual__2023-01-14T12:33:24.613016+00:00', '--job-id', '24', '--raw', '--subdir', 'DAGS_FOLDER/user_processing.py', '--cfg-path', '/tmp/tmp81kpqbed']
[2023-01-14T13:42:15.015+0000] {standard_task_runner.py:83} INFO - Job 24: Subtask extracting_user
[2023-01-14T13:42:15.297+0000] {task_command.py:389} INFO - Running <TaskInstance: user_processing.extracting_user manual__2023-01-14T12:33:24.613016+00:00 [running]> on host 35e95982c619
[2023-01-14T13:42:15.565+0000] {taskinstance.py:1513} INFO - Exporting the following env vars:
AIRFLOW_CTX_DAG_OWNER=***
AIRFLOW_CTX_DAG_ID=user_processing
AIRFLOW_CTX_TASK_ID=extracting_user
AIRFLOW_CTX_EXECUTION_DATE=2023-01-14T12:33:24.613016+00:00
AIRFLOW_CTX_TRY_NUMBER=2
AIRFLOW_CTX_DAG_RUN_ID=manual__2023-01-14T12:33:24.613016+00:00
[2023-01-14T13:42:15.569+0000] {http.py:123} INFO - Calling HTTP method
[2023-01-14T13:42:15.599+0000] {base.py:73} INFO - Using connection ID 'user_api' for task execution.
[2023-01-14T13:42:15.606+0000] {http.py:150} INFO - Sending 'GET' to url: https://randomuser.me/api/
[2023-01-14T13:42:15.989+0000] {http.py:127} INFO - {"results":[{"gender":"female","name":{"title":"Miss","first":"Amy","last":"Berger"},"location":{"street":{"number":6809,"name":"Olav Kyrres plass"},"city":"Mysen","state":"Troms - Romsa","country":"Norway","postcode":"3904","coordinates":{"latitude":"42.2722","longitude":"38.1203"},"timezone":{"offset":"-9:00","description":"Alaska"}},"email":"amy.berger@example.com","login":{"uuid":"1021aa8d-671d-45d6-a727-a0c537355f24","username":"heavyostrich149","password":"boots","salt":"CfZu1yyD","md5":"c74c53ced261eaf73b79beb0431d7a44","sha1":"85938eb0ba325a1a290885f3495064053d56a3e8","sha256":"a6c47d4d4b123f5e1e3a03888386a2551b684036d4c52f3aff03dfd93b55c342"},"dob":{"date":"1988-04-20T19:12:09.356Z","age":34},"registered":{"date":"2009-05-07T02:21:20.824Z","age":13},"phone":"51339139","cell":"91076763","id":{"name":"FN","value":"20048824294"},"picture":{"large":"https://randomuser.me/api/portraits/women/24.jpg","medium":"https://randomuser.me/api/portraits/med/women/24.jpg","thumbnail":"https://randomuser.me/api/portraits/thumb/women/24.jpg"},"nat":"NO"}],"info":{"seed":"0b4fd4191aef9d54","results":1,"page":1,"version":"1.4"}}
[2023-01-14T13:42:16.092+0000] {taskinstance.py:1327} INFO - Marking task as SUCCESS. dag_id=user_processing, task_id=extracting_user, execution_date=20230114T123324, start_date=20230114T134214, end_date=20230114T134216
[2023-01-14T13:42:16.270+0000] {local_task_job.py:159} INFO - Task exited with return code 0
[2023-01-14T13:42:16.381+0000] {taskinstance.py:2582} INFO - 1 downstream tasks scheduled from follow-on schedule check
