[2023-01-14T14:38:31.121+0000] {taskinstance.py:1087} INFO - Dependencies all met for <TaskInstance: user_processing.extracting_user manual__2023-01-14T14:32:11.328846+00:00 [queued]>
[2023-01-14T14:38:31.143+0000] {taskinstance.py:1087} INFO - Dependencies all met for <TaskInstance: user_processing.extracting_user manual__2023-01-14T14:32:11.328846+00:00 [queued]>
[2023-01-14T14:38:31.144+0000] {taskinstance.py:1283} INFO - 
--------------------------------------------------------------------------------
[2023-01-14T14:38:31.145+0000] {taskinstance.py:1284} INFO - Starting attempt 2 of 2
[2023-01-14T14:38:31.146+0000] {taskinstance.py:1285} INFO - 
--------------------------------------------------------------------------------
[2023-01-14T14:38:31.171+0000] {taskinstance.py:1304} INFO - Executing <Task(SimpleHttpOperator): extracting_user> on 2023-01-14 14:32:11.328846+00:00
[2023-01-14T14:38:31.179+0000] {standard_task_runner.py:55} INFO - Started process 36991 to run task
[2023-01-14T14:38:31.187+0000] {standard_task_runner.py:82} INFO - Running: ['***', 'tasks', 'run', 'user_processing', 'extracting_user', 'manual__2023-01-14T14:32:11.328846+00:00', '--job-id', '58', '--raw', '--subdir', 'DAGS_FOLDER/user_processing.py', '--cfg-path', '/tmp/tmpknhadbmg']
[2023-01-14T14:38:31.192+0000] {standard_task_runner.py:83} INFO - Job 58: Subtask extracting_user
[2023-01-14T14:38:31.323+0000] {task_command.py:389} INFO - Running <TaskInstance: user_processing.extracting_user manual__2023-01-14T14:32:11.328846+00:00 [running]> on host 35e95982c619
[2023-01-14T14:38:31.454+0000] {taskinstance.py:1513} INFO - Exporting the following env vars:
AIRFLOW_CTX_DAG_OWNER=***
AIRFLOW_CTX_DAG_ID=user_processing
AIRFLOW_CTX_TASK_ID=extracting_user
AIRFLOW_CTX_EXECUTION_DATE=2023-01-14T14:32:11.328846+00:00
AIRFLOW_CTX_TRY_NUMBER=2
AIRFLOW_CTX_DAG_RUN_ID=manual__2023-01-14T14:32:11.328846+00:00
[2023-01-14T14:38:31.457+0000] {http.py:123} INFO - Calling HTTP method
[2023-01-14T14:38:31.479+0000] {base.py:73} INFO - Using connection ID 'user_api' for task execution.
[2023-01-14T14:38:31.485+0000] {http.py:150} INFO - Sending 'GET' to url: https://randomuser.me/api/
[2023-01-14T14:38:31.800+0000] {http.py:127} INFO - {"results":[{"gender":"female","name":{"title":"Mrs","first":"Brandy","last":"Lucas"},"location":{"street":{"number":6619,"name":"Dane St"},"city":"Mildura","state":"New South Wales","country":"Australia","postcode":3169,"coordinates":{"latitude":"-84.1807","longitude":"49.0406"},"timezone":{"offset":"0:00","description":"Western Europe Time, London, Lisbon, Casablanca"}},"email":"brandy.lucas@example.com","login":{"uuid":"2867a292-38d6-4152-85bd-0596390abe9a","username":"smallbear398","password":"primus","salt":"GZAevkaw","md5":"5394e8f4c67c5e1e865ec8b349196058","sha1":"b6fd90f1d7fc65fbd1451bdf91a0b77e9e7eed2a","sha256":"260d62ecdd2f3021010313017b0655eb4d7db3f0a5bb4c451410223f040f0e92"},"dob":{"date":"1978-08-10T15:53:20.824Z","age":44},"registered":{"date":"2010-04-27T02:03:36.697Z","age":12},"phone":"05-0679-5666","cell":"0456-906-801","id":{"name":"TFN","value":"174621610"},"picture":{"large":"https://randomuser.me/api/portraits/women/21.jpg","medium":"https://randomuser.me/api/portraits/med/women/21.jpg","thumbnail":"https://randomuser.me/api/portraits/thumb/women/21.jpg"},"nat":"AU"}],"info":{"seed":"78761a47eb9c9d43","results":1,"page":1,"version":"1.4"}}
[2023-01-14T14:38:31.846+0000] {taskinstance.py:1327} INFO - Marking task as SUCCESS. dag_id=user_processing, task_id=extracting_user, execution_date=20230114T143211, start_date=20230114T143831, end_date=20230114T143831
[2023-01-14T14:38:31.886+0000] {local_task_job.py:159} INFO - Task exited with return code 0
[2023-01-14T14:38:31.927+0000] {taskinstance.py:2582} INFO - 1 downstream tasks scheduled from follow-on schedule check
