[2023-01-14T14:22:52.357+0000] {taskinstance.py:1087} INFO - Dependencies all met for <TaskInstance: user_processing.create_table manual__2023-01-14T14:22:50.915243+00:00 [queued]>
[2023-01-14T14:22:52.367+0000] {taskinstance.py:1087} INFO - Dependencies all met for <TaskInstance: user_processing.create_table manual__2023-01-14T14:22:50.915243+00:00 [queued]>
[2023-01-14T14:22:52.368+0000] {taskinstance.py:1283} INFO - 
--------------------------------------------------------------------------------
[2023-01-14T14:22:52.369+0000] {taskinstance.py:1284} INFO - Starting attempt 1 of 1
[2023-01-14T14:22:52.370+0000] {taskinstance.py:1285} INFO - 
--------------------------------------------------------------------------------
[2023-01-14T14:22:52.390+0000] {taskinstance.py:1304} INFO - Executing <Task(SqliteOperator): create_table> on 2023-01-14 14:22:50.915243+00:00
[2023-01-14T14:22:52.398+0000] {standard_task_runner.py:55} INFO - Started process 36080 to run task
[2023-01-14T14:22:52.403+0000] {standard_task_runner.py:82} INFO - Running: ['***', 'tasks', 'run', 'user_processing', 'create_table', 'manual__2023-01-14T14:22:50.915243+00:00', '--job-id', '36', '--raw', '--subdir', 'DAGS_FOLDER/user_processing.py', '--cfg-path', '/tmp/tmphpzb_inv']
[2023-01-14T14:22:52.406+0000] {standard_task_runner.py:83} INFO - Job 36: Subtask create_table
[2023-01-14T14:22:52.486+0000] {task_command.py:389} INFO - Running <TaskInstance: user_processing.create_table manual__2023-01-14T14:22:50.915243+00:00 [running]> on host 35e95982c619
[2023-01-14T14:22:52.569+0000] {taskinstance.py:1513} INFO - Exporting the following env vars:
AIRFLOW_CTX_DAG_OWNER=***
AIRFLOW_CTX_DAG_ID=user_processing
AIRFLOW_CTX_TASK_ID=create_table
AIRFLOW_CTX_EXECUTION_DATE=2023-01-14T14:22:50.915243+00:00
AIRFLOW_CTX_TRY_NUMBER=1
AIRFLOW_CTX_DAG_RUN_ID=manual__2023-01-14T14:22:50.915243+00:00
[2023-01-14T14:22:52.571+0000] {sql.py:253} INFO - Executing: 
            CREATE TABLE IF NOT EXISTS users (
              firstname TEXT NOT NULL,
              lastname TEXT NOT NULL,
              country TEXT NOT NULL,
              username TEXT NOT NULL,
              password TEXT NOT NULL,
              email TEXT NOT NULL PRIMARY KEY
            );
            
[2023-01-14T14:22:52.583+0000] {base.py:73} INFO - Using connection ID 'db_sqlite' for task execution.
[2023-01-14T14:22:52.830+0000] {base.py:73} INFO - Using connection ID 'db_sqlite' for task execution.
[2023-01-14T14:22:52.831+0000] {sql.py:364} INFO - Running statement: 
            CREATE TABLE IF NOT EXISTS users (
              firstname TEXT NOT NULL,
              lastname TEXT NOT NULL,
              country TEXT NOT NULL,
              username TEXT NOT NULL,
              password TEXT NOT NULL,
              email TEXT NOT NULL PRIMARY KEY
            );
            , parameters: None
[2023-01-14T14:22:52.843+0000] {taskinstance.py:1327} INFO - Marking task as SUCCESS. dag_id=user_processing, task_id=create_table, execution_date=20230114T142250, start_date=20230114T142252, end_date=20230114T142252
[2023-01-14T14:22:52.896+0000] {local_task_job.py:159} INFO - Task exited with return code 0
[2023-01-14T14:22:52.931+0000] {taskinstance.py:2582} INFO - 1 downstream tasks scheduled from follow-on schedule check
