[2023-01-14T14:36:54.601+0000] {taskinstance.py:1087} INFO - Dependencies all met for <TaskInstance: user_processing.create_table manual__2023-01-14T14:22:50.915243+00:00 [queued]>
[2023-01-14T14:36:54.621+0000] {taskinstance.py:1087} INFO - Dependencies all met for <TaskInstance: user_processing.create_table manual__2023-01-14T14:22:50.915243+00:00 [queued]>
[2023-01-14T14:36:54.622+0000] {taskinstance.py:1283} INFO - 
--------------------------------------------------------------------------------
[2023-01-14T14:36:54.623+0000] {taskinstance.py:1284} INFO - Starting attempt 3 of 3
[2023-01-14T14:36:54.624+0000] {taskinstance.py:1285} INFO - 
--------------------------------------------------------------------------------
[2023-01-14T14:36:54.659+0000] {taskinstance.py:1304} INFO - Executing <Task(SqliteOperator): create_table> on 2023-01-14 14:22:50.915243+00:00
[2023-01-14T14:36:54.669+0000] {standard_task_runner.py:55} INFO - Started process 36884 to run task
[2023-01-14T14:36:54.678+0000] {standard_task_runner.py:82} INFO - Running: ['***', 'tasks', 'run', 'user_processing', 'create_table', 'manual__2023-01-14T14:22:50.915243+00:00', '--job-id', '51', '--raw', '--subdir', 'DAGS_FOLDER/user_processing.py', '--cfg-path', '/tmp/tmpntu9wdnq']
[2023-01-14T14:36:54.689+0000] {standard_task_runner.py:83} INFO - Job 51: Subtask create_table
[2023-01-14T14:36:54.843+0000] {task_command.py:389} INFO - Running <TaskInstance: user_processing.create_table manual__2023-01-14T14:22:50.915243+00:00 [running]> on host 35e95982c619
[2023-01-14T14:36:55.072+0000] {taskinstance.py:1513} INFO - Exporting the following env vars:
AIRFLOW_CTX_DAG_OWNER=***
AIRFLOW_CTX_DAG_ID=user_processing
AIRFLOW_CTX_TASK_ID=create_table
AIRFLOW_CTX_EXECUTION_DATE=2023-01-14T14:22:50.915243+00:00
AIRFLOW_CTX_TRY_NUMBER=3
AIRFLOW_CTX_DAG_RUN_ID=manual__2023-01-14T14:22:50.915243+00:00
[2023-01-14T14:36:55.075+0000] {sql.py:253} INFO - Executing: 
            CREATE TABLE IF NOT EXISTS users (
              firstname TEXT NOT NULL,
              lastname TEXT NOT NULL,
              country TEXT NOT NULL,
              username TEXT NOT NULL,
              password TEXT NOT NULL,
              email TEXT NOT NULL PRIMARY KEY
            );
            
[2023-01-14T14:36:55.120+0000] {base.py:73} INFO - Using connection ID 'db_sqlite' for task execution.
[2023-01-14T14:36:55.827+0000] {base.py:73} INFO - Using connection ID 'db_sqlite' for task execution.
[2023-01-14T14:36:55.830+0000] {sql.py:364} INFO - Running statement: 
            CREATE TABLE IF NOT EXISTS users (
              firstname TEXT NOT NULL,
              lastname TEXT NOT NULL,
              country TEXT NOT NULL,
              username TEXT NOT NULL,
              password TEXT NOT NULL,
              email TEXT NOT NULL PRIMARY KEY
            );
            , parameters: None
[2023-01-14T14:36:55.859+0000] {taskinstance.py:1327} INFO - Marking task as SUCCESS. dag_id=user_processing, task_id=create_table, execution_date=20230114T142250, start_date=20230114T143654, end_date=20230114T143655
[2023-01-14T14:36:55.909+0000] {local_task_job.py:159} INFO - Task exited with return code 0
[2023-01-14T14:36:55.977+0000] {taskinstance.py:2582} INFO - 1 downstream tasks scheduled from follow-on schedule check
