[2023-01-14T14:37:00.666+0000] {taskinstance.py:1087} INFO - Dependencies all met for <TaskInstance: user_processing.extracting_user manual__2023-01-14T14:22:50.915243+00:00 [queued]>
[2023-01-14T14:37:00.688+0000] {taskinstance.py:1087} INFO - Dependencies all met for <TaskInstance: user_processing.extracting_user manual__2023-01-14T14:22:50.915243+00:00 [queued]>
[2023-01-14T14:37:00.691+0000] {taskinstance.py:1283} INFO - 
--------------------------------------------------------------------------------
[2023-01-14T14:37:00.692+0000] {taskinstance.py:1284} INFO - Starting attempt 3 of 3
[2023-01-14T14:37:00.693+0000] {taskinstance.py:1285} INFO - 
--------------------------------------------------------------------------------
[2023-01-14T14:37:00.724+0000] {taskinstance.py:1304} INFO - Executing <Task(SimpleHttpOperator): extracting_user> on 2023-01-14 14:22:50.915243+00:00
[2023-01-14T14:37:00.740+0000] {standard_task_runner.py:55} INFO - Started process 36902 to run task
[2023-01-14T14:37:00.769+0000] {standard_task_runner.py:82} INFO - Running: ['***', 'tasks', 'run', 'user_processing', 'extracting_user', 'manual__2023-01-14T14:22:50.915243+00:00', '--job-id', '53', '--raw', '--subdir', 'DAGS_FOLDER/user_processing.py', '--cfg-path', '/tmp/tmp6xz8uip1']
[2023-01-14T14:37:00.789+0000] {standard_task_runner.py:83} INFO - Job 53: Subtask extracting_user
[2023-01-14T14:37:00.913+0000] {task_command.py:389} INFO - Running <TaskInstance: user_processing.extracting_user manual__2023-01-14T14:22:50.915243+00:00 [running]> on host 35e95982c619
[2023-01-14T14:37:01.024+0000] {taskinstance.py:1513} INFO - Exporting the following env vars:
AIRFLOW_CTX_DAG_OWNER=***
AIRFLOW_CTX_DAG_ID=user_processing
AIRFLOW_CTX_TASK_ID=extracting_user
AIRFLOW_CTX_EXECUTION_DATE=2023-01-14T14:22:50.915243+00:00
AIRFLOW_CTX_TRY_NUMBER=3
AIRFLOW_CTX_DAG_RUN_ID=manual__2023-01-14T14:22:50.915243+00:00
[2023-01-14T14:37:01.027+0000] {http.py:123} INFO - Calling HTTP method
[2023-01-14T14:37:01.042+0000] {base.py:73} INFO - Using connection ID 'user_api' for task execution.
[2023-01-14T14:37:01.045+0000] {http.py:150} INFO - Sending 'GET' to url: https://randomuser.me/api/
[2023-01-14T14:37:01.367+0000] {http.py:127} INFO - {"results":[{"gender":"female","name":{"title":"Miss","first":"Nurdan","last":"Van Deventer"},"location":{"street":{"number":3492,"name":"Engbersweg"},"city":"Den Hoorn Zh","state":"Friesland","country":"Netherlands","postcode":"1015 NU","coordinates":{"latitude":"33.2076","longitude":"121.9270"},"timezone":{"offset":"-3:30","description":"Newfoundland"}},"email":"nurdan.vandeventer@example.com","login":{"uuid":"bc455823-f4f7-42cf-aca4-7f1f4c592f4f","username":"crazyladybug962","password":"norman","salt":"r9BjV7iV","md5":"ca4119d6c012cf9c168a75fb5f7aa1a9","sha1":"6478efb0efb87442baa013b8618692c0020dda50","sha256":"a3a74663280bd5f5703aaa04608a3934652593438d1b13736ab92c4f14ebbdbc"},"dob":{"date":"1950-11-21T04:05:02.027Z","age":72},"registered":{"date":"2021-03-11T02:25:46.998Z","age":1},"phone":"(073) 5193986","cell":"(06) 55386493","id":{"name":"BSN","value":"24541684"},"picture":{"large":"https://randomuser.me/api/portraits/women/28.jpg","medium":"https://randomuser.me/api/portraits/med/women/28.jpg","thumbnail":"https://randomuser.me/api/portraits/thumb/women/28.jpg"},"nat":"NL"}],"info":{"seed":"55d650c5e48c2109","results":1,"page":1,"version":"1.4"}}
[2023-01-14T14:37:01.403+0000] {taskinstance.py:1327} INFO - Marking task as SUCCESS. dag_id=user_processing, task_id=extracting_user, execution_date=20230114T142250, start_date=20230114T143700, end_date=20230114T143701
[2023-01-14T14:37:01.464+0000] {local_task_job.py:159} INFO - Task exited with return code 0
[2023-01-14T14:37:01.500+0000] {taskinstance.py:2582} INFO - 1 downstream tasks scheduled from follow-on schedule check
