[2023-01-14T14:22:55.748+0000] {taskinstance.py:1087} INFO - Dependencies all met for <TaskInstance: user_processing.extracting_user manual__2023-01-14T14:22:50.915243+00:00 [queued]>
[2023-01-14T14:22:55.764+0000] {taskinstance.py:1087} INFO - Dependencies all met for <TaskInstance: user_processing.extracting_user manual__2023-01-14T14:22:50.915243+00:00 [queued]>
[2023-01-14T14:22:55.765+0000] {taskinstance.py:1283} INFO - 
--------------------------------------------------------------------------------
[2023-01-14T14:22:55.766+0000] {taskinstance.py:1284} INFO - Starting attempt 1 of 1
[2023-01-14T14:22:55.766+0000] {taskinstance.py:1285} INFO - 
--------------------------------------------------------------------------------
[2023-01-14T14:22:55.788+0000] {taskinstance.py:1304} INFO - Executing <Task(SimpleHttpOperator): extracting_user> on 2023-01-14 14:22:50.915243+00:00
[2023-01-14T14:22:55.795+0000] {standard_task_runner.py:55} INFO - Started process 36086 to run task
[2023-01-14T14:22:55.802+0000] {standard_task_runner.py:82} INFO - Running: ['***', 'tasks', 'run', 'user_processing', 'extracting_user', 'manual__2023-01-14T14:22:50.915243+00:00', '--job-id', '38', '--raw', '--subdir', 'DAGS_FOLDER/user_processing.py', '--cfg-path', '/tmp/tmp3vaz7zhg']
[2023-01-14T14:22:55.807+0000] {standard_task_runner.py:83} INFO - Job 38: Subtask extracting_user
[2023-01-14T14:22:55.900+0000] {task_command.py:389} INFO - Running <TaskInstance: user_processing.extracting_user manual__2023-01-14T14:22:50.915243+00:00 [running]> on host 35e95982c619
[2023-01-14T14:22:56.010+0000] {taskinstance.py:1513} INFO - Exporting the following env vars:
AIRFLOW_CTX_DAG_OWNER=***
AIRFLOW_CTX_DAG_ID=user_processing
AIRFLOW_CTX_TASK_ID=extracting_user
AIRFLOW_CTX_EXECUTION_DATE=2023-01-14T14:22:50.915243+00:00
AIRFLOW_CTX_TRY_NUMBER=1
AIRFLOW_CTX_DAG_RUN_ID=manual__2023-01-14T14:22:50.915243+00:00
[2023-01-14T14:22:56.012+0000] {http.py:123} INFO - Calling HTTP method
[2023-01-14T14:22:56.030+0000] {base.py:73} INFO - Using connection ID 'user_api' for task execution.
[2023-01-14T14:22:56.033+0000] {http.py:150} INFO - Sending 'GET' to url: https://randomuser.me/api/
[2023-01-14T14:22:56.414+0000] {http.py:127} INFO - {"results":[{"gender":"female","name":{"title":"Mrs","first":"Megan","last":"Reyes"},"location":{"street":{"number":6842,"name":"Victoria Road"},"city":"Sheffield","state":"Gwent","country":"United Kingdom","postcode":"LK5C 3HD","coordinates":{"latitude":"-10.1119","longitude":"68.8810"},"timezone":{"offset":"0:00","description":"Western Europe Time, London, Lisbon, Casablanca"}},"email":"megan.reyes@example.com","login":{"uuid":"bb87aec7-3806-4199-badc-82ff3875a679","username":"silverleopard213","password":"snake1","salt":"GcyfKLCQ","md5":"83b7a570269f1bb5fb5a9f9c1871f4a3","sha1":"8dca997de4aa27e13aa52eb14199d5405bef3ee0","sha256":"5881eeecb6fe48af1718ea819ebc80381844ed5eae9a21b2748be49a1abfd685"},"dob":{"date":"1999-04-18T11:17:39.465Z","age":23},"registered":{"date":"2022-05-12T19:23:04.440Z","age":0},"phone":"022 6409 2544","cell":"07377 125546","id":{"name":"NINO","value":"SX 23 09 34 O"},"picture":{"large":"https://randomuser.me/api/portraits/women/21.jpg","medium":"https://randomuser.me/api/portraits/med/women/21.jpg","thumbnail":"https://randomuser.me/api/portraits/thumb/women/21.jpg"},"nat":"GB"}],"info":{"seed":"b793f90cc3b3f46e","results":1,"page":1,"version":"1.4"}}
[2023-01-14T14:22:56.450+0000] {taskinstance.py:1327} INFO - Marking task as SUCCESS. dag_id=user_processing, task_id=extracting_user, execution_date=20230114T142250, start_date=20230114T142255, end_date=20230114T142256
[2023-01-14T14:22:56.699+0000] {local_task_job.py:159} INFO - Task exited with return code 0
[2023-01-14T14:22:56.751+0000] {taskinstance.py:2582} INFO - 1 downstream tasks scheduled from follow-on schedule check
