[2023-01-14T14:32:23.403+0000] {taskinstance.py:1087} INFO - Dependencies all met for <TaskInstance: user_processing.processing_user manual__2023-01-14T14:32:11.328846+00:00 [queued]>
[2023-01-14T14:32:23.427+0000] {taskinstance.py:1087} INFO - Dependencies all met for <TaskInstance: user_processing.processing_user manual__2023-01-14T14:32:11.328846+00:00 [queued]>
[2023-01-14T14:32:23.428+0000] {taskinstance.py:1283} INFO - 
--------------------------------------------------------------------------------
[2023-01-14T14:32:23.429+0000] {taskinstance.py:1284} INFO - Starting attempt 1 of 1
[2023-01-14T14:32:23.430+0000] {taskinstance.py:1285} INFO - 
--------------------------------------------------------------------------------
[2023-01-14T14:32:23.455+0000] {taskinstance.py:1304} INFO - Executing <Task(PythonOperator): processing_user> on 2023-01-14 14:32:11.328846+00:00
[2023-01-14T14:32:23.464+0000] {standard_task_runner.py:55} INFO - Started process 36611 to run task
[2023-01-14T14:32:23.470+0000] {standard_task_runner.py:82} INFO - Running: ['***', 'tasks', 'run', 'user_processing', 'processing_user', 'manual__2023-01-14T14:32:11.328846+00:00', '--job-id', '44', '--raw', '--subdir', 'DAGS_FOLDER/user_processing.py', '--cfg-path', '/tmp/tmpru5vz8_d']
[2023-01-14T14:32:23.473+0000] {standard_task_runner.py:83} INFO - Job 44: Subtask processing_user
[2023-01-14T14:32:23.607+0000] {task_command.py:389} INFO - Running <TaskInstance: user_processing.processing_user manual__2023-01-14T14:32:11.328846+00:00 [running]> on host 35e95982c619
[2023-01-14T14:32:23.761+0000] {taskinstance.py:1513} INFO - Exporting the following env vars:
AIRFLOW_CTX_DAG_OWNER=***
AIRFLOW_CTX_DAG_ID=user_processing
AIRFLOW_CTX_TASK_ID=processing_user
AIRFLOW_CTX_EXECUTION_DATE=2023-01-14T14:32:11.328846+00:00
AIRFLOW_CTX_TRY_NUMBER=1
AIRFLOW_CTX_DAG_RUN_ID=manual__2023-01-14T14:32:11.328846+00:00
[2023-01-14T14:32:23.803+0000] {python.py:177} INFO - Done. Returned value was: None
[2023-01-14T14:32:23.834+0000] {taskinstance.py:1327} INFO - Marking task as SUCCESS. dag_id=user_processing, task_id=processing_user, execution_date=20230114T143211, start_date=20230114T143223, end_date=20230114T143223
[2023-01-14T14:32:23.923+0000] {local_task_job.py:159} INFO - Task exited with return code 0
[2023-01-14T14:32:23.971+0000] {taskinstance.py:2582} INFO - 0 downstream tasks scheduled from follow-on schedule check
