[2023-01-14T11:07:15.375+0000] {taskinstance.py:1087} INFO - Dependencies all met for <TaskInstance: user_processing.create_table manual__2023-01-14T11:07:12.598957+00:00 [queued]>
[2023-01-14T11:07:15.389+0000] {taskinstance.py:1087} INFO - Dependencies all met for <TaskInstance: user_processing.create_table manual__2023-01-14T11:07:12.598957+00:00 [queued]>
[2023-01-14T11:07:15.391+0000] {taskinstance.py:1283} INFO - 
--------------------------------------------------------------------------------
[2023-01-14T11:07:15.391+0000] {taskinstance.py:1284} INFO - Starting attempt 1 of 1
[2023-01-14T11:07:15.392+0000] {taskinstance.py:1285} INFO - 
--------------------------------------------------------------------------------
[2023-01-14T11:07:15.417+0000] {taskinstance.py:1304} INFO - Executing <Task(SqliteOperator): create_table> on 2023-01-14 11:07:12.598957+00:00
[2023-01-14T11:07:15.430+0000] {standard_task_runner.py:55} INFO - Started process 26285 to run task
[2023-01-14T11:07:15.439+0000] {standard_task_runner.py:82} INFO - Running: ['***', 'tasks', 'run', 'user_processing', 'create_table', 'manual__2023-01-14T11:07:12.598957+00:00', '--job-id', '13', '--raw', '--subdir', 'DAGS_FOLDER/user_processing.py', '--cfg-path', '/tmp/tmpm6hzqnol']
[2023-01-14T11:07:15.441+0000] {standard_task_runner.py:83} INFO - Job 13: Subtask create_table
[2023-01-14T11:07:15.545+0000] {task_command.py:389} INFO - Running <TaskInstance: user_processing.create_table manual__2023-01-14T11:07:12.598957+00:00 [running]> on host 35e95982c619
[2023-01-14T11:07:15.711+0000] {taskinstance.py:1513} INFO - Exporting the following env vars:
AIRFLOW_CTX_DAG_OWNER=***
AIRFLOW_CTX_DAG_ID=user_processing
AIRFLOW_CTX_TASK_ID=create_table
AIRFLOW_CTX_EXECUTION_DATE=2023-01-14T11:07:12.598957+00:00
AIRFLOW_CTX_TRY_NUMBER=1
AIRFLOW_CTX_DAG_RUN_ID=manual__2023-01-14T11:07:12.598957+00:00
[2023-01-14T11:07:15.713+0000] {sql.py:253} INFO - Executing: 
            CREATE TABLE users (
              firstname TEXT NOT NULL,
              lastname TEXT NOT NULL,
              country TEXT NOT NULL,
              username TEXT NOT NULL,
              password TEXT NOT NULL,
              email TEXT NOT NULL PRIMARY KEY
            );
            
[2023-01-14T11:07:15.749+0000] {base.py:73} INFO - Using connection ID 'db_sqlite' for task execution.
[2023-01-14T11:07:16.205+0000] {base.py:73} INFO - Using connection ID 'db_sqlite' for task execution.
[2023-01-14T11:07:16.210+0000] {sql.py:364} INFO - Running statement: 
            CREATE TABLE users (
              firstname TEXT NOT NULL,
              lastname TEXT NOT NULL,
              country TEXT NOT NULL,
              username TEXT NOT NULL,
              password TEXT NOT NULL,
              email TEXT NOT NULL PRIMARY KEY
            );
            , parameters: None
[2023-01-14T11:07:16.233+0000] {taskinstance.py:1327} INFO - Marking task as SUCCESS. dag_id=user_processing, task_id=create_table, execution_date=20230114T110712, start_date=20230114T110715, end_date=20230114T110716
[2023-01-14T11:07:16.269+0000] {local_task_job.py:159} INFO - Task exited with return code 0
[2023-01-14T11:07:16.293+0000] {taskinstance.py:2582} INFO - 0 downstream tasks scheduled from follow-on schedule check
