[2023-01-14T14:32:45.379+0000] {taskinstance.py:1087} INFO - Dependencies all met for <TaskInstance: user_processing.processing_user manual__2023-01-14T14:22:50.915243+00:00 [queued]>
[2023-01-14T14:32:45.413+0000] {taskinstance.py:1087} INFO - Dependencies all met for <TaskInstance: user_processing.processing_user manual__2023-01-14T14:22:50.915243+00:00 [queued]>
[2023-01-14T14:32:45.414+0000] {taskinstance.py:1283} INFO - 
--------------------------------------------------------------------------------
[2023-01-14T14:32:45.415+0000] {taskinstance.py:1284} INFO - Starting attempt 2 of 2
[2023-01-14T14:32:45.416+0000] {taskinstance.py:1285} INFO - 
--------------------------------------------------------------------------------
[2023-01-14T14:32:45.449+0000] {taskinstance.py:1304} INFO - Executing <Task(PythonOperator): processing_user> on 2023-01-14 14:22:50.915243+00:00
[2023-01-14T14:32:45.457+0000] {standard_task_runner.py:55} INFO - Started process 36644 to run task
[2023-01-14T14:32:45.470+0000] {standard_task_runner.py:82} INFO - Running: ['***', 'tasks', 'run', 'user_processing', 'processing_user', 'manual__2023-01-14T14:22:50.915243+00:00', '--job-id', '49', '--raw', '--subdir', 'DAGS_FOLDER/user_processing.py', '--cfg-path', '/tmp/tmplh2rkqba']
[2023-01-14T14:32:45.474+0000] {standard_task_runner.py:83} INFO - Job 49: Subtask processing_user
[2023-01-14T14:32:45.646+0000] {task_command.py:389} INFO - Running <TaskInstance: user_processing.processing_user manual__2023-01-14T14:22:50.915243+00:00 [running]> on host 35e95982c619
[2023-01-14T14:32:45.818+0000] {taskinstance.py:1513} INFO - Exporting the following env vars:
AIRFLOW_CTX_DAG_OWNER=***
AIRFLOW_CTX_DAG_ID=user_processing
AIRFLOW_CTX_TASK_ID=processing_user
AIRFLOW_CTX_EXECUTION_DATE=2023-01-14T14:22:50.915243+00:00
AIRFLOW_CTX_TRY_NUMBER=2
AIRFLOW_CTX_DAG_RUN_ID=manual__2023-01-14T14:22:50.915243+00:00
[2023-01-14T14:32:45.863+0000] {python.py:177} INFO - Done. Returned value was: None
[2023-01-14T14:32:45.894+0000] {taskinstance.py:1327} INFO - Marking task as SUCCESS. dag_id=user_processing, task_id=processing_user, execution_date=20230114T142250, start_date=20230114T143245, end_date=20230114T143245
[2023-01-14T14:32:45.957+0000] {local_task_job.py:159} INFO - Task exited with return code 0
[2023-01-14T14:32:46.002+0000] {taskinstance.py:2582} INFO - 1 downstream tasks scheduled from follow-on schedule check
