[2023-01-14T14:37:02.868+0000] {taskinstance.py:1087} INFO - Dependencies all met for <TaskInstance: user_processing.processing_user manual__2023-01-14T14:22:50.915243+00:00 [queued]>
[2023-01-14T14:37:02.881+0000] {taskinstance.py:1087} INFO - Dependencies all met for <TaskInstance: user_processing.processing_user manual__2023-01-14T14:22:50.915243+00:00 [queued]>
[2023-01-14T14:37:02.882+0000] {taskinstance.py:1283} INFO - 
--------------------------------------------------------------------------------
[2023-01-14T14:37:02.883+0000] {taskinstance.py:1284} INFO - Starting attempt 3 of 3
[2023-01-14T14:37:02.884+0000] {taskinstance.py:1285} INFO - 
--------------------------------------------------------------------------------
[2023-01-14T14:37:02.904+0000] {taskinstance.py:1304} INFO - Executing <Task(PythonOperator): processing_user> on 2023-01-14 14:22:50.915243+00:00
[2023-01-14T14:37:02.912+0000] {standard_task_runner.py:55} INFO - Started process 36905 to run task
[2023-01-14T14:37:02.918+0000] {standard_task_runner.py:82} INFO - Running: ['***', 'tasks', 'run', 'user_processing', 'processing_user', 'manual__2023-01-14T14:22:50.915243+00:00', '--job-id', '54', '--raw', '--subdir', 'DAGS_FOLDER/user_processing.py', '--cfg-path', '/tmp/tmp7t4oqtms']
[2023-01-14T14:37:02.921+0000] {standard_task_runner.py:83} INFO - Job 54: Subtask processing_user
[2023-01-14T14:37:03.011+0000] {task_command.py:389} INFO - Running <TaskInstance: user_processing.processing_user manual__2023-01-14T14:22:50.915243+00:00 [running]> on host 35e95982c619
[2023-01-14T14:37:03.138+0000] {taskinstance.py:1513} INFO - Exporting the following env vars:
AIRFLOW_CTX_DAG_OWNER=***
AIRFLOW_CTX_DAG_ID=user_processing
AIRFLOW_CTX_TASK_ID=processing_user
AIRFLOW_CTX_EXECUTION_DATE=2023-01-14T14:22:50.915243+00:00
AIRFLOW_CTX_TRY_NUMBER=3
AIRFLOW_CTX_DAG_RUN_ID=manual__2023-01-14T14:22:50.915243+00:00
[2023-01-14T14:37:03.165+0000] {python.py:177} INFO - Done. Returned value was: None
[2023-01-14T14:37:03.178+0000] {taskinstance.py:1327} INFO - Marking task as SUCCESS. dag_id=user_processing, task_id=processing_user, execution_date=20230114T142250, start_date=20230114T143702, end_date=20230114T143703
[2023-01-14T14:37:03.211+0000] {local_task_job.py:159} INFO - Task exited with return code 0
[2023-01-14T14:37:03.241+0000] {taskinstance.py:2582} INFO - 1 downstream tasks scheduled from follow-on schedule check
