[2023-01-14T14:38:35.384+0000] {taskinstance.py:1087} INFO - Dependencies all met for <TaskInstance: user_processing.storing_user manual__2023-01-14T14:32:11.328846+00:00 [queued]>
[2023-01-14T14:38:35.396+0000] {taskinstance.py:1087} INFO - Dependencies all met for <TaskInstance: user_processing.storing_user manual__2023-01-14T14:32:11.328846+00:00 [queued]>
[2023-01-14T14:38:35.397+0000] {taskinstance.py:1283} INFO - 
--------------------------------------------------------------------------------
[2023-01-14T14:38:35.398+0000] {taskinstance.py:1284} INFO - Starting attempt 2 of 2
[2023-01-14T14:38:35.399+0000] {taskinstance.py:1285} INFO - 
--------------------------------------------------------------------------------
[2023-01-14T14:38:35.415+0000] {taskinstance.py:1304} INFO - Executing <Task(BashOperator): storing_user> on 2023-01-14 14:32:11.328846+00:00
[2023-01-14T14:38:35.421+0000] {standard_task_runner.py:55} INFO - Started process 37009 to run task
[2023-01-14T14:38:35.426+0000] {standard_task_runner.py:82} INFO - Running: ['***', 'tasks', 'run', 'user_processing', 'storing_user', 'manual__2023-01-14T14:32:11.328846+00:00', '--job-id', '60', '--raw', '--subdir', 'DAGS_FOLDER/user_processing.py', '--cfg-path', '/tmp/tmpn16ebh7w']
[2023-01-14T14:38:35.429+0000] {standard_task_runner.py:83} INFO - Job 60: Subtask storing_user
[2023-01-14T14:38:35.506+0000] {task_command.py:389} INFO - Running <TaskInstance: user_processing.storing_user manual__2023-01-14T14:32:11.328846+00:00 [running]> on host 35e95982c619
[2023-01-14T14:38:35.586+0000] {taskinstance.py:1513} INFO - Exporting the following env vars:
AIRFLOW_CTX_DAG_OWNER=***
AIRFLOW_CTX_DAG_ID=user_processing
AIRFLOW_CTX_TASK_ID=storing_user
AIRFLOW_CTX_EXECUTION_DATE=2023-01-14T14:32:11.328846+00:00
AIRFLOW_CTX_TRY_NUMBER=2
AIRFLOW_CTX_DAG_RUN_ID=manual__2023-01-14T14:32:11.328846+00:00
[2023-01-14T14:38:35.588+0000] {subprocess.py:63} INFO - Tmp dir root location: 
 /tmp
[2023-01-14T14:38:35.589+0000] {subprocess.py:75} INFO - Running command: ['/bin/bash', '-c', 'echo -e ".separator ","\n.import /tmp/processed_user.csv users" | sqlite3 C:\\Users\\tawan\\Desktop\\Airflow-docker\\***.db ']
[2023-01-14T14:38:35.605+0000] {subprocess.py:86} INFO - Output:
[2023-01-14T14:38:35.616+0000] {subprocess.py:97} INFO - Command exited with return code 0
[2023-01-14T14:38:35.646+0000] {taskinstance.py:1327} INFO - Marking task as SUCCESS. dag_id=user_processing, task_id=storing_user, execution_date=20230114T143211, start_date=20230114T143835, end_date=20230114T143835
[2023-01-14T14:38:35.677+0000] {local_task_job.py:159} INFO - Task exited with return code 0
[2023-01-14T14:38:35.715+0000] {taskinstance.py:2582} INFO - 0 downstream tasks scheduled from follow-on schedule check
