[2023-01-14T12:33:00.987+0000] {taskinstance.py:1087} INFO - Dependencies all met for <TaskInstance: user_processing.extracting_user manual__2023-01-14T12:32:57.537143+00:00 [queued]>
[2023-01-14T12:33:01.030+0000] {taskinstance.py:1087} INFO - Dependencies all met for <TaskInstance: user_processing.extracting_user manual__2023-01-14T12:32:57.537143+00:00 [queued]>
[2023-01-14T12:33:01.031+0000] {taskinstance.py:1283} INFO - 
--------------------------------------------------------------------------------
[2023-01-14T12:33:01.032+0000] {taskinstance.py:1284} INFO - Starting attempt 1 of 1
[2023-01-14T12:33:01.038+0000] {taskinstance.py:1285} INFO - 
--------------------------------------------------------------------------------
[2023-01-14T12:33:01.089+0000] {taskinstance.py:1304} INFO - Executing <Task(SimpleHttpOperator): extracting_user> on 2023-01-14 12:32:57.537143+00:00
[2023-01-14T12:33:01.120+0000] {standard_task_runner.py:55} INFO - Started process 30743 to run task
[2023-01-14T12:33:01.144+0000] {standard_task_runner.py:82} INFO - Running: ['***', 'tasks', 'run', 'user_processing', 'extracting_user', 'manual__2023-01-14T12:32:57.537143+00:00', '--job-id', '18', '--raw', '--subdir', 'DAGS_FOLDER/user_processing.py', '--cfg-path', '/tmp/tmpdqnpxgky']
[2023-01-14T12:33:01.147+0000] {standard_task_runner.py:83} INFO - Job 18: Subtask extracting_user
[2023-01-14T12:33:01.507+0000] {task_command.py:389} INFO - Running <TaskInstance: user_processing.extracting_user manual__2023-01-14T12:32:57.537143+00:00 [running]> on host 35e95982c619
[2023-01-14T12:33:01.932+0000] {taskinstance.py:1513} INFO - Exporting the following env vars:
AIRFLOW_CTX_DAG_OWNER=***
AIRFLOW_CTX_DAG_ID=user_processing
AIRFLOW_CTX_TASK_ID=extracting_user
AIRFLOW_CTX_EXECUTION_DATE=2023-01-14T12:32:57.537143+00:00
AIRFLOW_CTX_TRY_NUMBER=1
AIRFLOW_CTX_DAG_RUN_ID=manual__2023-01-14T12:32:57.537143+00:00
[2023-01-14T12:33:01.939+0000] {http.py:123} INFO - Calling HTTP method
[2023-01-14T12:33:01.979+0000] {base.py:73} INFO - Using connection ID 'user_api' for task execution.
[2023-01-14T12:33:01.990+0000] {http.py:150} INFO - Sending 'GET' to url: https://randomuser.me/api/
[2023-01-14T12:33:02.350+0000] {http.py:127} INFO - {"results":[{"gender":"female","name":{"title":"Miss","first":"Elia","last":"Jean"},"location":{"street":{"number":5956,"name":"Rue Gasparin"},"city":"Orléans","state":"Nord","country":"France","postcode":71112,"coordinates":{"latitude":"-15.3099","longitude":"73.9654"},"timezone":{"offset":"-11:00","description":"Midway Island, Samoa"}},"email":"elia.jean@example.com","login":{"uuid":"47309eab-a68f-4848-bbd4-d0a8661e0e6e","username":"crazysnake102","password":"soccer12","salt":"zH8GqFnS","md5":"f2607cbbc80373868b32e79954319cdf","sha1":"bacef808b02f41190988d8c36d42a1ca91a32c0b","sha256":"03a4725db847fda9bdca8e480b6ca163ef1bfe778b8cd7da4524a71b864bf886"},"dob":{"date":"1982-02-04T01:38:45.113Z","age":40},"registered":{"date":"2012-05-22T16:35:52.462Z","age":10},"phone":"03-08-08-38-77","cell":"06-55-68-79-49","id":{"name":"INSEE","value":"2820197977106 44"},"picture":{"large":"https://randomuser.me/api/portraits/women/42.jpg","medium":"https://randomuser.me/api/portraits/med/women/42.jpg","thumbnail":"https://randomuser.me/api/portraits/thumb/women/42.jpg"},"nat":"FR"}],"info":{"seed":"23566169ecde1a90","results":1,"page":1,"version":"1.4"}}
[2023-01-14T12:33:02.441+0000] {taskinstance.py:1327} INFO - Marking task as SUCCESS. dag_id=user_processing, task_id=extracting_user, execution_date=20230114T123257, start_date=20230114T123300, end_date=20230114T123302
[2023-01-14T12:33:02.591+0000] {local_task_job.py:159} INFO - Task exited with return code 0
[2023-01-14T12:33:02.683+0000] {taskinstance.py:2582} INFO - 0 downstream tasks scheduled from follow-on schedule check
