[2023-01-14T14:38:25.607+0000] {taskinstance.py:1087} INFO - Dependencies all met for <TaskInstance: user_processing.create_table manual__2023-01-14T14:32:11.328846+00:00 [queued]>
[2023-01-14T14:38:25.626+0000] {taskinstance.py:1087} INFO - Dependencies all met for <TaskInstance: user_processing.create_table manual__2023-01-14T14:32:11.328846+00:00 [queued]>
[2023-01-14T14:38:25.627+0000] {taskinstance.py:1283} INFO - 
--------------------------------------------------------------------------------
[2023-01-14T14:38:25.628+0000] {taskinstance.py:1284} INFO - Starting attempt 2 of 2
[2023-01-14T14:38:25.629+0000] {taskinstance.py:1285} INFO - 
--------------------------------------------------------------------------------
[2023-01-14T14:38:25.659+0000] {taskinstance.py:1304} INFO - Executing <Task(SqliteOperator): create_table> on 2023-01-14 14:32:11.328846+00:00
[2023-01-14T14:38:25.671+0000] {standard_task_runner.py:55} INFO - Started process 36985 to run task
[2023-01-14T14:38:25.686+0000] {standard_task_runner.py:82} INFO - Running: ['***', 'tasks', 'run', 'user_processing', 'create_table', 'manual__2023-01-14T14:32:11.328846+00:00', '--job-id', '56', '--raw', '--subdir', 'DAGS_FOLDER/user_processing.py', '--cfg-path', '/tmp/tmp_osibmmn']
[2023-01-14T14:38:25.693+0000] {standard_task_runner.py:83} INFO - Job 56: Subtask create_table
[2023-01-14T14:38:25.842+0000] {task_command.py:389} INFO - Running <TaskInstance: user_processing.create_table manual__2023-01-14T14:32:11.328846+00:00 [running]> on host 35e95982c619
[2023-01-14T14:38:25.984+0000] {taskinstance.py:1513} INFO - Exporting the following env vars:
AIRFLOW_CTX_DAG_OWNER=***
AIRFLOW_CTX_DAG_ID=user_processing
AIRFLOW_CTX_TASK_ID=create_table
AIRFLOW_CTX_EXECUTION_DATE=2023-01-14T14:32:11.328846+00:00
AIRFLOW_CTX_TRY_NUMBER=2
AIRFLOW_CTX_DAG_RUN_ID=manual__2023-01-14T14:32:11.328846+00:00
[2023-01-14T14:38:25.986+0000] {sql.py:253} INFO - Executing: 
            CREATE TABLE IF NOT EXISTS users (
              firstname TEXT NOT NULL,
              lastname TEXT NOT NULL,
              country TEXT NOT NULL,
              username TEXT NOT NULL,
              password TEXT NOT NULL,
              email TEXT NOT NULL PRIMARY KEY
            );
            
[2023-01-14T14:38:26.006+0000] {base.py:73} INFO - Using connection ID 'db_sqlite' for task execution.
[2023-01-14T14:38:26.412+0000] {base.py:73} INFO - Using connection ID 'db_sqlite' for task execution.
[2023-01-14T14:38:26.415+0000] {sql.py:364} INFO - Running statement: 
            CREATE TABLE IF NOT EXISTS users (
              firstname TEXT NOT NULL,
              lastname TEXT NOT NULL,
              country TEXT NOT NULL,
              username TEXT NOT NULL,
              password TEXT NOT NULL,
              email TEXT NOT NULL PRIMARY KEY
            );
            , parameters: None
[2023-01-14T14:38:26.440+0000] {taskinstance.py:1327} INFO - Marking task as SUCCESS. dag_id=user_processing, task_id=create_table, execution_date=20230114T143211, start_date=20230114T143825, end_date=20230114T143826
[2023-01-14T14:38:26.522+0000] {local_task_job.py:159} INFO - Task exited with return code 0
[2023-01-14T14:38:26.571+0000] {taskinstance.py:2582} INFO - 1 downstream tasks scheduled from follow-on schedule check
